[2024-05-21T09:27:40.291+0000] {manager.py:470} INFO - Processing files using up to 2 processes at a time 
[2024-05-21T09:27:40.293+0000] {manager.py:471} INFO - Process each file at most once every 10 seconds
[2024-05-21T09:27:40.295+0000] {manager.py:472} INFO - Checking for new files in /opt/airflow/dags every 300 seconds
[2024-05-21T09:27:40.295+0000] {manager.py:737} INFO - Searching for files in /opt/airflow/dags
[2024-05-21T09:27:41.139+0000] {manager.py:740} INFO - There are 1 files in /opt/airflow/dags
[2024-05-21T09:27:41.478+0000] {manager.py:878} INFO - 
================================================================================
DAG File Processing Stats

File Path                                     PID  Runtime      # DAGs    # Errors  Last Runtime    Last Run
------------------------------------------  -----  ---------  --------  ----------  --------------  ----------
/opt/airflow/dags/daily_ozonetmd_bsoup4.py    179  0.03s             0           0
================================================================================
[2024-05-21T09:28:12.314+0000] {manager.py:878} INFO - 
================================================================================
DAG File Processing Stats

File Path                                   PID    Runtime      # DAGs    # Errors  Last Runtime    Last Run
------------------------------------------  -----  ---------  --------  ----------  --------------  -------------------
/opt/airflow/dags/daily_ozonetmd_bsoup4.py                           1           0  1.68s           2024-05-21T09:28:05
================================================================================
[2024-05-21T09:28:43.240+0000] {manager.py:878} INFO - 
================================================================================
DAG File Processing Stats

File Path                                     PID  Runtime      # DAGs    # Errors  Last Runtime    Last Run
------------------------------------------  -----  ---------  --------  ----------  --------------  -------------------
/opt/airflow/dags/daily_ozonetmd_bsoup4.py    204  0.92s             1           0  4.84s           2024-05-21T09:28:31
================================================================================
[2024-05-21T09:29:13.877+0000] {manager.py:878} INFO - 
================================================================================
DAG File Processing Stats

File Path                                   PID    Runtime      # DAGs    # Errors  Last Runtime    Last Run
------------------------------------------  -----  ---------  --------  ----------  --------------  -------------------
/opt/airflow/dags/daily_ozonetmd_bsoup4.py                           1           0  1.67s           2024-05-21T09:29:07
================================================================================
[2024-05-21T09:29:44.525+0000] {manager.py:878} INFO - 
================================================================================
DAG File Processing Stats

File Path                                     PID  Runtime      # DAGs    # Errors  Last Runtime    Last Run
------------------------------------------  -----  ---------  --------  ----------  --------------  -------------------
/opt/airflow/dags/daily_ozonetmd_bsoup4.py    229  0.01s             1           0  3.32s           2024-05-21T09:29:34
================================================================================
[2024-05-21T09:30:14.690+0000] {manager.py:878} INFO - 
================================================================================
DAG File Processing Stats

File Path                                   PID    Runtime      # DAGs    # Errors  Last Runtime    Last Run
------------------------------------------  -----  ---------  --------  ----------  --------------  -------------------
/opt/airflow/dags/daily_ozonetmd_bsoup4.py                           1           0  1.76s           2024-05-21T09:30:12
================================================================================
[2024-05-21T09:31:06.991+0000] {manager.py:878} INFO - 
================================================================================
DAG File Processing Stats

File Path                                     PID  Runtime      # DAGs    # Errors  Last Runtime    Last Run
------------------------------------------  -----  ---------  --------  ----------  --------------  -------------------
/opt/airflow/dags/daily_ozonetmd_bsoup4.py    244  35.03s            1           0  1.76s           2024-05-21T09:30:12
================================================================================
[2024-05-21T09:31:37.331+0000] {manager.py:878} INFO - 
================================================================================
DAG File Processing Stats

File Path                                   PID    Runtime      # DAGs    # Errors  Last Runtime    Last Run
------------------------------------------  -----  ---------  --------  ----------  --------------  -------------------
/opt/airflow/dags/daily_ozonetmd_bsoup4.py                           1           0  0.81s           2024-05-21T09:31:36
================================================================================
[2024-05-21T09:32:07.576+0000] {manager.py:878} INFO - 
================================================================================
DAG File Processing Stats

File Path                                   PID    Runtime      # DAGs    # Errors  Last Runtime    Last Run
------------------------------------------  -----  ---------  --------  ----------  --------------  -------------------
/opt/airflow/dags/daily_ozonetmd_bsoup4.py                           1           0  4.16s           2024-05-21T09:32:02
================================================================================
[2024-05-21T09:32:38.815+0000] {manager.py:878} INFO - 
================================================================================
DAG File Processing Stats

File Path                                   PID    Runtime      # DAGs    # Errors  Last Runtime    Last Run
------------------------------------------  -----  ---------  --------  ----------  --------------  -------------------
/opt/airflow/dags/daily_ozonetmd_bsoup4.py                           1           0  0.92s           2024-05-21T09:32:36
================================================================================
[2024-05-21T09:32:40.828+0000] {manager.py:737} INFO - Searching for files in /opt/airflow/dags
[2024-05-21T09:32:40.921+0000] {manager.py:740} INFO - There are 1 files in /opt/airflow/dags
[2024-05-21T09:33:09.735+0000] {manager.py:878} INFO - 
================================================================================
DAG File Processing Stats

File Path                                   PID    Runtime      # DAGs    # Errors  Last Runtime    Last Run
------------------------------------------  -----  ---------  --------  ----------  --------------  -------------------
/opt/airflow/dags/daily_ozonetmd_bsoup4.py                           1           0  0.50s           2024-05-21T09:32:59
================================================================================
[2024-05-21T09:33:40.087+0000] {manager.py:878} INFO - 
================================================================================
DAG File Processing Stats

File Path                                   PID    Runtime      # DAGs    # Errors  Last Runtime    Last Run
------------------------------------------  -----  ---------  --------  ----------  --------------  -------------------
/opt/airflow/dags/daily_ozonetmd_bsoup4.py                           1           0  2.90s           2024-05-21T09:33:37
================================================================================
[2024-05-21T09:34:10.692+0000] {manager.py:878} INFO - 
================================================================================
DAG File Processing Stats

File Path                                   PID    Runtime      # DAGs    # Errors  Last Runtime    Last Run
------------------------------------------  -----  ---------  --------  ----------  --------------  -------------------
/opt/airflow/dags/daily_ozonetmd_bsoup4.py                           1           0  0.31s           2024-05-21T09:34:09
================================================================================
[2024-05-21T09:34:40.924+0000] {manager.py:878} INFO - 
================================================================================
DAG File Processing Stats

File Path                                     PID  Runtime      # DAGs    # Errors  Last Runtime    Last Run
------------------------------------------  -----  ---------  --------  ----------  --------------  -------------------
/opt/airflow/dags/daily_ozonetmd_bsoup4.py    336  5.70s             1           0  0.34s           2024-05-21T09:34:20
================================================================================
[2024-05-21T09:35:14.726+0000] {manager.py:878} INFO - 
================================================================================
DAG File Processing Stats

File Path                                   PID    Runtime      # DAGs    # Errors  Last Runtime    Last Run
------------------------------------------  -----  ---------  --------  ----------  --------------  -------------------
/opt/airflow/dags/daily_ozonetmd_bsoup4.py                           1           0  4.20s           2024-05-21T09:35:06
================================================================================
[2024-05-21T09:35:44.983+0000] {manager.py:878} INFO - 
================================================================================
DAG File Processing Stats

File Path                                   PID    Runtime      # DAGs    # Errors  Last Runtime    Last Run
------------------------------------------  -----  ---------  --------  ----------  --------------  -------------------
/opt/airflow/dags/daily_ozonetmd_bsoup4.py                           1           0  0.37s           2024-05-21T09:35:37
================================================================================
[2024-05-21T09:36:02.181+0000] {manager.py:452} INFO - Exiting gracefully upon receiving signal 15
[2024-05-21T09:39:08.975+0000] {manager.py:470} INFO - Processing files using up to 2 processes at a time 
[2024-05-21T09:39:08.976+0000] {manager.py:471} INFO - Process each file at most once every 10 seconds
[2024-05-21T09:39:08.977+0000] {manager.py:472} INFO - Checking for new files in /opt/airflow/dags every 300 seconds
[2024-05-21T09:39:08.978+0000] {manager.py:737} INFO - Searching for files in /opt/airflow/dags
[2024-05-21T09:39:12.097+0000] {manager.py:740} INFO - There are 1 files in /opt/airflow/dags
[2024-05-21T09:39:12.177+0000] {manager.py:878} INFO - 
================================================================================
DAG File Processing Stats

File Path                                     PID  Runtime      # DAGs    # Errors  Last Runtime    Last Run
------------------------------------------  -----  ---------  --------  ----------  --------------  ----------
/opt/airflow/dags/daily_ozonetmd_bsoup4.py    179  0.03s             0           0
================================================================================
[2024-05-21T09:39:42.192+0000] {manager.py:878} INFO - 
================================================================================
DAG File Processing Stats

File Path                                   PID    Runtime      # DAGs    # Errors  Last Runtime    Last Run
------------------------------------------  -----  ---------  --------  ----------  --------------  -------------------
/opt/airflow/dags/daily_ozonetmd_bsoup4.py                           1           0  0.43s           2024-05-21T09:39:37
================================================================================
[2024-05-21T09:39:49.332+0000] {manager.py:452} INFO - Exiting gracefully upon receiving signal 15
